<?xml version="1.0" encoding="UTF-8"?>
<testng-results skipped="0" failed="0" ignored="0" total="1" passed="1">
  <reporter-output>
  </reporter-output>
  <suite name="Default suite" duration-ms="24459" started-at="2021-07-24T03:56:01Z" finished-at="2021-07-24T03:56:25Z">
    <groups>
    </groups>
    <test name="Default test" duration-ms="24459" started-at="2021-07-24T03:56:01Z" finished-at="2021-07-24T03:56:25Z">
      <class name="OrgSiva.Sample.MongoDBTest">
        <test-method status="PASS" signature="ConnectToMongoDb()[pri:0, instance:OrgSiva.Sample.MongoDBTest@1e88b3c]" name="ConnectToMongoDb" is-config="true" duration-ms="1810" started-at="2021-07-24T09:25:59Z" finished-at="2021-07-24T09:26:01Z">
          <reporter-output>
          </reporter-output>
        </test-method> <!-- ConnectToMongoDb -->
        <test-method status="PASS" signature="Setup()[pri:0, instance:OrgSiva.Sample.MongoDBTest@1e88b3c]" name="Setup" is-config="true" duration-ms="12566" started-at="2021-07-24T09:26:01Z" finished-at="2021-07-24T09:26:13Z">
          <reporter-output>
          </reporter-output>
        </test-method> <!-- Setup -->
        <test-method status="PASS" signature="WebScrapeTest()[pri:0, instance:OrgSiva.Sample.MongoDBTest@1e88b3c]" name="WebScrapeTest" duration-ms="10730" started-at="2021-07-24T09:26:13Z" finished-at="2021-07-24T09:26:24Z">
          <reporter-output>
          </reporter-output>
        </test-method> <!-- WebScrapeTest -->
        <test-method status="PASS" signature="TearDown()[pri:0, instance:OrgSiva.Sample.MongoDBTest@1e88b3c]" name="TearDown" is-config="true" duration-ms="1085" started-at="2021-07-24T09:26:24Z" finished-at="2021-07-24T09:26:25Z">
          <reporter-output>
          </reporter-output>
        </test-method> <!-- TearDown -->
      </class> <!-- OrgSiva.Sample.MongoDBTest -->
    </test> <!-- Default test -->
  </suite> <!-- Default suite -->
</testng-results>
